<?xml version="1.0" encoding="UTF-8"?>
<testsuite name="com.reserva.hotel.service.Impl.ClienteServiceImplTest" tests="1" skipped="0" failures="0" errors="0" timestamp="2025-09-23T02:36:08.947Z" hostname="NATACHADUARTE" time="1.782">
  <properties/>
  <testcase name="retornarStatus200EIdCliente()" classname="com.reserva.hotel.service.Impl.ClienteServiceImplTest" time="1.782"/>
  <system-out><![CDATA[]]></system-out>
  <system-err><![CDATA[Mockito is currently self-attaching to enable the inline-mock-maker. This will no longer work in future releases of the JDK. Please add Mockito as an agent to your build as described in Mockito's documentation: https://javadoc.io/doc/org.mockito/mockito-core/latest/org.mockito/org/mockito/Mockito.html#0.3
WARNING: A Java agent has been loaded dynamically (C:\Program Files\gradle-8.14-bin\gradle-8.14\caches\modules-2\files-2.1\net.bytebuddy\byte-buddy-agent\1.17.7\fbf3d6d649ed37fc9e9c59480a05be0a26e3c2da\byte-buddy-agent-1.17.7.jar)
WARNING: If a serviceability tool is in use, please run with -XX:+EnableDynamicAgentLoading to hide this warning
WARNING: If a serviceability tool is not in use, please run with -Djdk.instrument.traceUsage for more information
WARNING: Dynamic loading of agents will be disallowed by default in a future release
]]></system-err>
</testsuite>
